2026-03-07 19:49:31,352 - app.logger - ERROR - Skipping invalid row:{'name': 'Burger', 'expense_description': 'description1', 'amount': 100, 'category': 'food', 'date': '2024-01-01'}
2026-03-07 19:49:31,352 - app.logger - ERROR - Reason: Error - 3 validation errors for Expense
title
  Field required [type=missing, input_value={'name': 'Burger', 'expen...', 'date': '2024-01-01'}, input_type=dict]
    For further information visit https://errors.pydantic.dev/2.12/v/missing
category
  Input should be 'Food', 'Travel', 'Shopping', 'Bills' or 'Other' [type=enum, input_value='food', input_type=str]
    For further information visit https://errors.pydantic.dev/2.12/v/enum
expense_date
  Field required [type=missing, input_value={'name': 'Burger', 'expen...', 'date': '2024-01-01'}, input_type=dict]
    For further information visit https://errors.pydantic.dev/2.12/v/missing
2026-03-07 19:49:31,352 - app.logger - ERROR - Skipping invalid row:{'name': 'Burger', 'expense_description': 'description2', 'amount': 50, 'category': 'transport', 'date': '2024-01-02'}
2026-03-07 19:49:31,352 - app.logger - ERROR - Reason: Error - 3 validation errors for Expense
title
  Field required [type=missing, input_value={'name': 'Burger', 'expen...', 'date': '2024-01-02'}, input_type=dict]
    For further information visit https://errors.pydantic.dev/2.12/v/missing
category
  Input should be 'Food', 'Travel', 'Shopping', 'Bills' or 'Other' [type=enum, input_value='transport', input_type=str]
    For further information visit https://errors.pydantic.dev/2.12/v/enum
expense_date
  Field required [type=missing, input_value={'name': 'Burger', 'expen...', 'date': '2024-01-02'}, input_type=dict]
    For further information visit https://errors.pydantic.dev/2.12/v/missing
2026-03-07 19:50:56,326 - app.logger - ERROR - Skipping invalid row:{'name': 'Burger', 'expense_description': 'description1', 'amount': 100, 'category': 'food', 'date': '2024-01-01'}
2026-03-07 19:50:56,326 - app.logger - ERROR - Reason: Error - 3 validation errors for Expense
title
  Field required [type=missing, input_value={'name': 'Burger', 'expen...', 'date': '2024-01-01'}, input_type=dict]
    For further information visit https://errors.pydantic.dev/2.12/v/missing
category
  Input should be 'Food', 'Travel', 'Shopping', 'Bills' or 'Other' [type=enum, input_value='food', input_type=str]
    For further information visit https://errors.pydantic.dev/2.12/v/enum
expense_date
  Field required [type=missing, input_value={'name': 'Burger', 'expen...', 'date': '2024-01-01'}, input_type=dict]
    For further information visit https://errors.pydantic.dev/2.12/v/missing
2026-03-07 19:50:56,326 - app.logger - ERROR - Skipping invalid row:{'name': 'Burger', 'expense_description': 'description2', 'amount': 50, 'category': 'transport', 'date': '2024-01-02'}
2026-03-07 19:50:56,326 - app.logger - ERROR - Reason: Error - 3 validation errors for Expense
title
  Field required [type=missing, input_value={'name': 'Burger', 'expen...', 'date': '2024-01-02'}, input_type=dict]
    For further information visit https://errors.pydantic.dev/2.12/v/missing
category
  Input should be 'Food', 'Travel', 'Shopping', 'Bills' or 'Other' [type=enum, input_value='transport', input_type=str]
    For further information visit https://errors.pydantic.dev/2.12/v/enum
expense_date
  Field required [type=missing, input_value={'name': 'Burger', 'expen...', 'date': '2024-01-02'}, input_type=dict]
    For further information visit https://errors.pydantic.dev/2.12/v/missing
2026-03-07 19:54:47,405 - app.logger - ERROR - Skipping invalid row:{'name': 'Burger', 'expense_description': 'description1', 'amount': 100, 'category': 'food', 'date': '2024-01-01'}
2026-03-07 19:54:47,405 - app.logger - ERROR - Reason: Error - 3 validation errors for Expense
title
  Field required [type=missing, input_value={'name': 'Burger', 'expen...', 'date': '2024-01-01'}, input_type=dict]
    For further information visit https://errors.pydantic.dev/2.12/v/missing
category
  Input should be 'Food', 'Travel', 'Shopping', 'Bills' or 'Other' [type=enum, input_value='food', input_type=str]
    For further information visit https://errors.pydantic.dev/2.12/v/enum
expense_date
  Field required [type=missing, input_value={'name': 'Burger', 'expen...', 'date': '2024-01-01'}, input_type=dict]
    For further information visit https://errors.pydantic.dev/2.12/v/missing
2026-03-07 19:54:47,405 - app.logger - ERROR - Skipping invalid row:{'name': 'Burger', 'expense_description': 'description2', 'amount': 50, 'category': 'transport', 'date': '2024-01-02'}
2026-03-07 19:54:47,405 - app.logger - ERROR - Reason: Error - 3 validation errors for Expense
title
  Field required [type=missing, input_value={'name': 'Burger', 'expen...', 'date': '2024-01-02'}, input_type=dict]
    For further information visit https://errors.pydantic.dev/2.12/v/missing
category
  Input should be 'Food', 'Travel', 'Shopping', 'Bills' or 'Other' [type=enum, input_value='transport', input_type=str]
    For further information visit https://errors.pydantic.dev/2.12/v/enum
expense_date
  Field required [type=missing, input_value={'name': 'Burger', 'expen...', 'date': '2024-01-02'}, input_type=dict]
    For further information visit https://errors.pydantic.dev/2.12/v/missing
2026-03-07 19:55:01,322 - app.logger - ERROR - Skipping invalid row:{'name': 'Burger', 'expense_description': 'description1', 'amount': 100, 'category': 'food', 'date': '2024-01-01'}
2026-03-07 19:55:01,322 - app.logger - ERROR - Reason: Error - 3 validation errors for Expense
title
  Field required [type=missing, input_value={'name': 'Burger', 'expen...', 'date': '2024-01-01'}, input_type=dict]
    For further information visit https://errors.pydantic.dev/2.12/v/missing
category
  Input should be 'Food', 'Travel', 'Shopping', 'Bills' or 'Other' [type=enum, input_value='food', input_type=str]
    For further information visit https://errors.pydantic.dev/2.12/v/enum
expense_date
  Field required [type=missing, input_value={'name': 'Burger', 'expen...', 'date': '2024-01-01'}, input_type=dict]
    For further information visit https://errors.pydantic.dev/2.12/v/missing
2026-03-07 19:55:01,322 - app.logger - ERROR - Skipping invalid row:{'name': 'Burger', 'expense_description': 'description2', 'amount': 50, 'category': 'transport', 'date': '2024-01-02'}
2026-03-07 19:55:01,322 - app.logger - ERROR - Reason: Error - 3 validation errors for Expense
title
  Field required [type=missing, input_value={'name': 'Burger', 'expen...', 'date': '2024-01-02'}, input_type=dict]
    For further information visit https://errors.pydantic.dev/2.12/v/missing
category
  Input should be 'Food', 'Travel', 'Shopping', 'Bills' or 'Other' [type=enum, input_value='transport', input_type=str]
    For further information visit https://errors.pydantic.dev/2.12/v/enum
expense_date
  Field required [type=missing, input_value={'name': 'Burger', 'expen...', 'date': '2024-01-02'}, input_type=dict]
    For further information visit https://errors.pydantic.dev/2.12/v/missing
2026-03-07 19:55:27,146 - app.logger - ERROR - Skipping invalid row:{'name': 'Burger', 'expense_description': 'description1', 'amount': 100, 'category': 'food', 'date': '2024-01-01'}
2026-03-07 19:55:27,146 - app.logger - ERROR - Reason: Error - 3 validation errors for Expense
title
  Field required [type=missing, input_value={'name': 'Burger', 'expen...', 'date': '2024-01-01'}, input_type=dict]
    For further information visit https://errors.pydantic.dev/2.12/v/missing
category
  Input should be 'Food', 'Travel', 'Shopping', 'Bills' or 'Other' [type=enum, input_value='food', input_type=str]
    For further information visit https://errors.pydantic.dev/2.12/v/enum
expense_date
  Field required [type=missing, input_value={'name': 'Burger', 'expen...', 'date': '2024-01-01'}, input_type=dict]
    For further information visit https://errors.pydantic.dev/2.12/v/missing
2026-03-07 19:55:27,146 - app.logger - ERROR - Skipping invalid row:{'name': 'Burger', 'expense_description': 'description2', 'amount': 50, 'category': 'transport', 'date': '2024-01-02'}
2026-03-07 19:55:27,146 - app.logger - ERROR - Reason: Error - 3 validation errors for Expense
title
  Field required [type=missing, input_value={'name': 'Burger', 'expen...', 'date': '2024-01-02'}, input_type=dict]
    For further information visit https://errors.pydantic.dev/2.12/v/missing
category
  Input should be 'Food', 'Travel', 'Shopping', 'Bills' or 'Other' [type=enum, input_value='transport', input_type=str]
    For further information visit https://errors.pydantic.dev/2.12/v/enum
expense_date
  Field required [type=missing, input_value={'name': 'Burger', 'expen...', 'date': '2024-01-02'}, input_type=dict]
    For further information visit https://errors.pydantic.dev/2.12/v/missing
2026-03-07 19:57:26,003 - app.logger - ERROR - Skipping invalid row:{'name': 'Burger', 'expense_description': 'description1', 'amount': 100, 'category': 'food', 'date': '2024-01-01'}
2026-03-07 19:57:26,003 - app.logger - ERROR - Reason: Error - 3 validation errors for Expense
title
  Field required [type=missing, input_value={'name': 'Burger', 'expen...', 'date': '2024-01-01'}, input_type=dict]
    For further information visit https://errors.pydantic.dev/2.12/v/missing
category
  Input should be 'Food', 'Travel', 'Shopping', 'Bills' or 'Other' [type=enum, input_value='food', input_type=str]
    For further information visit https://errors.pydantic.dev/2.12/v/enum
expense_date
  Field required [type=missing, input_value={'name': 'Burger', 'expen...', 'date': '2024-01-01'}, input_type=dict]
    For further information visit https://errors.pydantic.dev/2.12/v/missing
2026-03-07 19:57:26,003 - app.logger - ERROR - Skipping invalid row:{'name': 'Burger', 'expense_description': 'description2', 'amount': 50, 'category': 'transport', 'date': '2024-01-02'}
2026-03-07 19:57:26,003 - app.logger - ERROR - Reason: Error - 3 validation errors for Expense
title
  Field required [type=missing, input_value={'name': 'Burger', 'expen...', 'date': '2024-01-02'}, input_type=dict]
    For further information visit https://errors.pydantic.dev/2.12/v/missing
category
  Input should be 'Food', 'Travel', 'Shopping', 'Bills' or 'Other' [type=enum, input_value='transport', input_type=str]
    For further information visit https://errors.pydantic.dev/2.12/v/enum
expense_date
  Field required [type=missing, input_value={'name': 'Burger', 'expen...', 'date': '2024-01-02'}, input_type=dict]
    For further information visit https://errors.pydantic.dev/2.12/v/missing
2026-03-07 19:58:18,904 - app.logger - ERROR - Skipping invalid row:{'name': 'Burger', 'expense_description': 'description1', 'amount': 100, 'category': 'food', 'date': '2024-01-01'}
2026-03-07 19:58:18,904 - app.logger - ERROR - Reason: Error - 3 validation errors for Expense
title
  Field required [type=missing, input_value={'name': 'Burger', 'expen...', 'date': '2024-01-01'}, input_type=dict]
    For further information visit https://errors.pydantic.dev/2.12/v/missing
category
  Input should be 'Food', 'Travel', 'Shopping', 'Bills' or 'Other' [type=enum, input_value='food', input_type=str]
    For further information visit https://errors.pydantic.dev/2.12/v/enum
expense_date
  Field required [type=missing, input_value={'name': 'Burger', 'expen...', 'date': '2024-01-01'}, input_type=dict]
    For further information visit https://errors.pydantic.dev/2.12/v/missing
2026-03-07 19:58:18,904 - app.logger - ERROR - Skipping invalid row:{'name': 'Burger', 'expense_description': 'description2', 'amount': 50, 'category': 'transport', 'date': '2024-01-02'}
2026-03-07 19:58:18,904 - app.logger - ERROR - Reason: Error - 3 validation errors for Expense
title
  Field required [type=missing, input_value={'name': 'Burger', 'expen...', 'date': '2024-01-02'}, input_type=dict]
    For further information visit https://errors.pydantic.dev/2.12/v/missing
category
  Input should be 'Food', 'Travel', 'Shopping', 'Bills' or 'Other' [type=enum, input_value='transport', input_type=str]
    For further information visit https://errors.pydantic.dev/2.12/v/enum
expense_date
  Field required [type=missing, input_value={'name': 'Burger', 'expen...', 'date': '2024-01-02'}, input_type=dict]
    For further information visit https://errors.pydantic.dev/2.12/v/missing
2026-03-07 21:51:08,832 - app.logger - ERROR - Skipping invalid row:{'name': 'Burger', 'expense_description': 'description1', 'amount': 100, 'category': 'food', 'date': '2024-01-01'}
2026-03-07 21:51:08,832 - app.logger - ERROR - Reason: Error - 3 validation errors for Expense
title
  Field required [type=missing, input_value={'name': 'Burger', 'expen...', 'date': '2024-01-01'}, input_type=dict]
    For further information visit https://errors.pydantic.dev/2.12/v/missing
category
  Input should be 'Food', 'Travel', 'Shopping', 'Bills' or 'Other' [type=enum, input_value='food', input_type=str]
    For further information visit https://errors.pydantic.dev/2.12/v/enum
expense_date
  Field required [type=missing, input_value={'name': 'Burger', 'expen...', 'date': '2024-01-01'}, input_type=dict]
    For further information visit https://errors.pydantic.dev/2.12/v/missing
2026-03-07 21:51:08,832 - app.logger - ERROR - Skipping invalid row:{'name': 'Burger', 'expense_description': 'description2', 'amount': 50, 'category': 'transport', 'date': '2024-01-02'}
2026-03-07 21:51:08,832 - app.logger - ERROR - Reason: Error - 3 validation errors for Expense
title
  Field required [type=missing, input_value={'name': 'Burger', 'expen...', 'date': '2024-01-02'}, input_type=dict]
    For further information visit https://errors.pydantic.dev/2.12/v/missing
category
  Input should be 'Food', 'Travel', 'Shopping', 'Bills' or 'Other' [type=enum, input_value='transport', input_type=str]
    For further information visit https://errors.pydantic.dev/2.12/v/enum
expense_date
  Field required [type=missing, input_value={'name': 'Burger', 'expen...', 'date': '2024-01-02'}, input_type=dict]
    For further information visit https://errors.pydantic.dev/2.12/v/missing
2026-03-07 21:54:36,995 - app.logger - ERROR - Skipping invalid row:{'name': 'Burger', 'expense_description': 'description1', 'amount': 100, 'category': 'food', 'date': '2024-01-01'}
2026-03-07 21:54:36,995 - app.logger - ERROR - Reason: Error - 3 validation errors for Expense
title
  Field required [type=missing, input_value={'name': 'Burger', 'expen...', 'date': '2024-01-01'}, input_type=dict]
    For further information visit https://errors.pydantic.dev/2.12/v/missing
category
  Input should be 'Food', 'Travel', 'Shopping', 'Bills' or 'Other' [type=enum, input_value='food', input_type=str]
    For further information visit https://errors.pydantic.dev/2.12/v/enum
expense_date
  Field required [type=missing, input_value={'name': 'Burger', 'expen...', 'date': '2024-01-01'}, input_type=dict]
    For further information visit https://errors.pydantic.dev/2.12/v/missing
2026-03-07 21:54:36,995 - app.logger - ERROR - Skipping invalid row:{'name': 'Burger', 'expense_description': 'description2', 'amount': 50, 'category': 'transport', 'date': '2024-01-02'}
2026-03-07 21:54:36,995 - app.logger - ERROR - Reason: Error - 3 validation errors for Expense
title
  Field required [type=missing, input_value={'name': 'Burger', 'expen...', 'date': '2024-01-02'}, input_type=dict]
    For further information visit https://errors.pydantic.dev/2.12/v/missing
category
  Input should be 'Food', 'Travel', 'Shopping', 'Bills' or 'Other' [type=enum, input_value='transport', input_type=str]
    For further information visit https://errors.pydantic.dev/2.12/v/enum
expense_date
  Field required [type=missing, input_value={'name': 'Burger', 'expen...', 'date': '2024-01-02'}, input_type=dict]
    For further information visit https://errors.pydantic.dev/2.12/v/missing
2026-03-07 21:55:51,026 - app.logger - ERROR - Skipping invalid row:{'name': 'Burger', 'expense_description': 'description1', 'amount': 100, 'category': 'food', 'date': '2024-01-01'}
2026-03-07 21:55:51,027 - app.logger - ERROR - Reason: Error - 3 validation errors for Expense
title
  Field required [type=missing, input_value={'name': 'Burger', 'expen...', 'date': '2024-01-01'}, input_type=dict]
    For further information visit https://errors.pydantic.dev/2.12/v/missing
category
  Input should be 'Food', 'Travel', 'Shopping', 'Bills' or 'Other' [type=enum, input_value='food', input_type=str]
    For further information visit https://errors.pydantic.dev/2.12/v/enum
expense_date
  Field required [type=missing, input_value={'name': 'Burger', 'expen...', 'date': '2024-01-01'}, input_type=dict]
    For further information visit https://errors.pydantic.dev/2.12/v/missing
2026-03-07 21:55:51,027 - app.logger - ERROR - Skipping invalid row:{'name': 'Burger', 'expense_description': 'description2', 'amount': 50, 'category': 'travel', 'date': '2024-01-02'}
2026-03-07 21:55:51,027 - app.logger - ERROR - Reason: Error - 3 validation errors for Expense
title
  Field required [type=missing, input_value={'name': 'Burger', 'expen...', 'date': '2024-01-02'}, input_type=dict]
    For further information visit https://errors.pydantic.dev/2.12/v/missing
category
  Input should be 'Food', 'Travel', 'Shopping', 'Bills' or 'Other' [type=enum, input_value='travel', input_type=str]
    For further information visit https://errors.pydantic.dev/2.12/v/enum
expense_date
  Field required [type=missing, input_value={'name': 'Burger', 'expen...', 'date': '2024-01-02'}, input_type=dict]
    For further information visit https://errors.pydantic.dev/2.12/v/missing
2026-03-07 21:57:31,247 - app.logger - ERROR - Skipping invalid row:{'name': 'Burger', 'expense_description': 'description1', 'amount': 100, 'category': 'food', 'date': '2024-01-01'}
2026-03-07 21:57:31,247 - app.logger - ERROR - Reason: Error - 3 validation errors for Expense
title
  Field required [type=missing, input_value={'name': 'Burger', 'expen...', 'date': '2024-01-01'}, input_type=dict]
    For further information visit https://errors.pydantic.dev/2.12/v/missing
category
  Input should be 'Food', 'Travel', 'Shopping', 'Bills' or 'Other' [type=enum, input_value='food', input_type=str]
    For further information visit https://errors.pydantic.dev/2.12/v/enum
expense_date
  Field required [type=missing, input_value={'name': 'Burger', 'expen...', 'date': '2024-01-01'}, input_type=dict]
    For further information visit https://errors.pydantic.dev/2.12/v/missing
2026-03-07 21:57:31,247 - app.logger - ERROR - Skipping invalid row:{'name': 'Burger', 'expense_description': 'description2', 'amount': 50, 'category': 'travel', 'date': '2024-01-02'}
2026-03-07 21:57:31,247 - app.logger - ERROR - Reason: Error - 3 validation errors for Expense
title
  Field required [type=missing, input_value={'name': 'Burger', 'expen...', 'date': '2024-01-02'}, input_type=dict]
    For further information visit https://errors.pydantic.dev/2.12/v/missing
category
  Input should be 'Food', 'Travel', 'Shopping', 'Bills' or 'Other' [type=enum, input_value='travel', input_type=str]
    For further information visit https://errors.pydantic.dev/2.12/v/enum
expense_date
  Field required [type=missing, input_value={'name': 'Burger', 'expen...', 'date': '2024-01-02'}, input_type=dict]
    For further information visit https://errors.pydantic.dev/2.12/v/missing
2026-03-07 21:58:25,577 - app.logger - ERROR - Skipping invalid row:{'name': 'Burger', 'expense_description': 'description1', 'amount': 100, 'category': 'food', 'date': '2024-01-01'}
2026-03-07 21:58:25,577 - app.logger - ERROR - Reason: Error - 3 validation errors for Expense
title
  Field required [type=missing, input_value={'name': 'Burger', 'expen...', 'date': '2024-01-01'}, input_type=dict]
    For further information visit https://errors.pydantic.dev/2.12/v/missing
category
  Input should be 'Food', 'Travel', 'Shopping', 'Bills' or 'Other' [type=enum, input_value='food', input_type=str]
    For further information visit https://errors.pydantic.dev/2.12/v/enum
expense_date
  Field required [type=missing, input_value={'name': 'Burger', 'expen...', 'date': '2024-01-01'}, input_type=dict]
    For further information visit https://errors.pydantic.dev/2.12/v/missing
2026-03-07 21:58:25,577 - app.logger - ERROR - Skipping invalid row:{'name': 'Burger', 'expense_description': 'description2', 'amount': 50, 'category': 'travel', 'date': '2024-01-02'}
2026-03-07 21:58:25,577 - app.logger - ERROR - Reason: Error - 3 validation errors for Expense
title
  Field required [type=missing, input_value={'name': 'Burger', 'expen...', 'date': '2024-01-02'}, input_type=dict]
    For further information visit https://errors.pydantic.dev/2.12/v/missing
category
  Input should be 'Food', 'Travel', 'Shopping', 'Bills' or 'Other' [type=enum, input_value='travel', input_type=str]
    For further information visit https://errors.pydantic.dev/2.12/v/enum
expense_date
  Field required [type=missing, input_value={'name': 'Burger', 'expen...', 'date': '2024-01-02'}, input_type=dict]
    For further information visit https://errors.pydantic.dev/2.12/v/missing
2026-03-07 21:59:42,019 - app.logger - ERROR - Skipping invalid row:{'name': 'Burger', 'expense_description': 'description1', 'amount': 100, 'category': 'food', 'date': '2024-01-01'}
2026-03-07 21:59:42,019 - app.logger - ERROR - Reason: Error - 3 validation errors for Expense
title
  Field required [type=missing, input_value={'name': 'Burger', 'expen...', 'date': '2024-01-01'}, input_type=dict]
    For further information visit https://errors.pydantic.dev/2.12/v/missing
category
  Input should be 'Food', 'Travel', 'Shopping', 'Bills' or 'Other' [type=enum, input_value='food', input_type=str]
    For further information visit https://errors.pydantic.dev/2.12/v/enum
expense_date
  Field required [type=missing, input_value={'name': 'Burger', 'expen...', 'date': '2024-01-01'}, input_type=dict]
    For further information visit https://errors.pydantic.dev/2.12/v/missing
2026-03-07 21:59:42,019 - app.logger - ERROR - Skipping invalid row:{'name': 'Burger', 'expense_description': 'description2', 'amount': 50, 'category': 'travel', 'date': '2024-01-02'}
2026-03-07 21:59:42,019 - app.logger - ERROR - Reason: Error - 3 validation errors for Expense
title
  Field required [type=missing, input_value={'name': 'Burger', 'expen...', 'date': '2024-01-02'}, input_type=dict]
    For further information visit https://errors.pydantic.dev/2.12/v/missing
category
  Input should be 'Food', 'Travel', 'Shopping', 'Bills' or 'Other' [type=enum, input_value='travel', input_type=str]
    For further information visit https://errors.pydantic.dev/2.12/v/enum
expense_date
  Field required [type=missing, input_value={'name': 'Burger', 'expen...', 'date': '2024-01-02'}, input_type=dict]
    For further information visit https://errors.pydantic.dev/2.12/v/missing
2026-03-07 22:00:55,139 - app.logger - ERROR - Skipping invalid row:{'name': 'Burger', 'expense_description': 'description1', 'amount': 100, 'category': 'food', 'date': '2024-01-01'}
2026-03-07 22:00:55,139 - app.logger - ERROR - Reason: Error - 3 validation errors for Expense
title
  Field required [type=missing, input_value={'name': 'Burger', 'expen...', 'date': '2024-01-01'}, input_type=dict]
    For further information visit https://errors.pydantic.dev/2.12/v/missing
category
  Input should be 'Food', 'Travel', 'Shopping', 'Bills' or 'Other' [type=enum, input_value='food', input_type=str]
    For further information visit https://errors.pydantic.dev/2.12/v/enum
expense_date
  Field required [type=missing, input_value={'name': 'Burger', 'expen...', 'date': '2024-01-01'}, input_type=dict]
    For further information visit https://errors.pydantic.dev/2.12/v/missing
2026-03-07 22:00:55,139 - app.logger - ERROR - Skipping invalid row:{'name': 'Burger', 'expense_description': 'description2', 'amount': 50, 'category': 'travel', 'date': '2024-01-02'}
2026-03-07 22:00:55,139 - app.logger - ERROR - Reason: Error - 3 validation errors for Expense
title
  Field required [type=missing, input_value={'name': 'Burger', 'expen...', 'date': '2024-01-02'}, input_type=dict]
    For further information visit https://errors.pydantic.dev/2.12/v/missing
category
  Input should be 'Food', 'Travel', 'Shopping', 'Bills' or 'Other' [type=enum, input_value='travel', input_type=str]
    For further information visit https://errors.pydantic.dev/2.12/v/enum
expense_date
  Field required [type=missing, input_value={'name': 'Burger', 'expen...', 'date': '2024-01-02'}, input_type=dict]
    For further information visit https://errors.pydantic.dev/2.12/v/missing
2026-03-07 22:14:03,827 - app.logger - ERROR - Skipping invalid row:{'name': 'Burger', 'expense_description': 'description1', 'amount': 100, 'category': 'food', 'date': '2024-01-01'}
2026-03-07 22:14:03,827 - app.logger - ERROR - Reason: Error - 3 validation errors for Expense
title
  Field required [type=missing, input_value={'name': 'Burger', 'expen...', 'date': '2024-01-01'}, input_type=dict]
    For further information visit https://errors.pydantic.dev/2.12/v/missing
category
  Input should be 'Food', 'Travel', 'Shopping', 'Bills' or 'Other' [type=enum, input_value='food', input_type=str]
    For further information visit https://errors.pydantic.dev/2.12/v/enum
expense_date
  Field required [type=missing, input_value={'name': 'Burger', 'expen...', 'date': '2024-01-01'}, input_type=dict]
    For further information visit https://errors.pydantic.dev/2.12/v/missing
2026-03-07 22:14:03,827 - app.logger - ERROR - Skipping invalid row:{'name': 'Burger', 'expense_description': 'description2', 'amount': 50, 'category': 'travel', 'date': '2024-01-02'}
2026-03-07 22:14:03,828 - app.logger - ERROR - Reason: Error - 3 validation errors for Expense
title
  Field required [type=missing, input_value={'name': 'Burger', 'expen...', 'date': '2024-01-02'}, input_type=dict]
    For further information visit https://errors.pydantic.dev/2.12/v/missing
category
  Input should be 'Food', 'Travel', 'Shopping', 'Bills' or 'Other' [type=enum, input_value='travel', input_type=str]
    For further information visit https://errors.pydantic.dev/2.12/v/enum
expense_date
  Field required [type=missing, input_value={'name': 'Burger', 'expen...', 'date': '2024-01-02'}, input_type=dict]
    For further information visit https://errors.pydantic.dev/2.12/v/missing
2026-03-07 22:16:16,725 - app.logger - ERROR - Skipping invalid row:{'name': 'Burger', 'expense_description': 'description1', 'amount': 100, 'category': 'food', 'date': '2024-01-01'}
2026-03-07 22:16:16,726 - app.logger - ERROR - Reason: Error - 3 validation errors for Expense
title
  Field required [type=missing, input_value={'name': 'Burger', 'expen...', 'date': '2024-01-01'}, input_type=dict]
    For further information visit https://errors.pydantic.dev/2.12/v/missing
category
  Input should be 'Food', 'Travel', 'Shopping', 'Bills' or 'Other' [type=enum, input_value='food', input_type=str]
    For further information visit https://errors.pydantic.dev/2.12/v/enum
expense_date
  Field required [type=missing, input_value={'name': 'Burger', 'expen...', 'date': '2024-01-01'}, input_type=dict]
    For further information visit https://errors.pydantic.dev/2.12/v/missing
2026-03-07 22:16:16,726 - app.logger - ERROR - Skipping invalid row:{'name': 'Burger', 'expense_description': 'description2', 'amount': 50, 'category': 'travel', 'date': '2024-01-02'}
2026-03-07 22:16:16,726 - app.logger - ERROR - Reason: Error - 3 validation errors for Expense
title
  Field required [type=missing, input_value={'name': 'Burger', 'expen...', 'date': '2024-01-02'}, input_type=dict]
    For further information visit https://errors.pydantic.dev/2.12/v/missing
category
  Input should be 'Food', 'Travel', 'Shopping', 'Bills' or 'Other' [type=enum, input_value='travel', input_type=str]
    For further information visit https://errors.pydantic.dev/2.12/v/enum
expense_date
  Field required [type=missing, input_value={'name': 'Burger', 'expen...', 'date': '2024-01-02'}, input_type=dict]
    For further information visit https://errors.pydantic.dev/2.12/v/missing
2026-03-07 22:17:47,898 - app.logger - ERROR - Skipping invalid row:{'name': 'Burger', 'expense_description': 'description1', 'amount': 100, 'category': 'Food', 'date': '2024-01-01'}
2026-03-07 22:17:47,898 - app.logger - ERROR - Reason: Error - 2 validation errors for Expense
title
  Field required [type=missing, input_value={'name': 'Burger', 'expen...', 'date': '2024-01-01'}, input_type=dict]
    For further information visit https://errors.pydantic.dev/2.12/v/missing
expense_date
  Field required [type=missing, input_value={'name': 'Burger', 'expen...', 'date': '2024-01-01'}, input_type=dict]
    For further information visit https://errors.pydantic.dev/2.12/v/missing
2026-03-07 22:17:47,898 - app.logger - ERROR - Skipping invalid row:{'name': 'Burger', 'expense_description': 'description2', 'amount': 50, 'category': 'Travel', 'date': '2024-01-02'}
2026-03-07 22:17:47,898 - app.logger - ERROR - Reason: Error - 2 validation errors for Expense
title
  Field required [type=missing, input_value={'name': 'Burger', 'expen...', 'date': '2024-01-02'}, input_type=dict]
    For further information visit https://errors.pydantic.dev/2.12/v/missing
expense_date
  Field required [type=missing, input_value={'name': 'Burger', 'expen...', 'date': '2024-01-02'}, input_type=dict]
    For further information visit https://errors.pydantic.dev/2.12/v/missing
2026-03-07 22:18:34,258 - app.logger - ERROR - Skipping invalid row:{'title': 'Burger', 'expense_description': 'description1', 'amount': 100, 'category': 'Food', 'date': '2024-01-01'}
2026-03-07 22:18:34,259 - app.logger - ERROR - Reason: Error - 1 validation error for Expense
expense_date
  Field required [type=missing, input_value={'title': 'Burger', 'expe...', 'date': '2024-01-01'}, input_type=dict]
    For further information visit https://errors.pydantic.dev/2.12/v/missing
2026-03-07 22:18:34,259 - app.logger - ERROR - Skipping invalid row:{'title': 'Burger', 'expense_description': 'description2', 'amount': 50, 'category': 'Travel', 'date': '2024-01-02'}
2026-03-07 22:18:34,259 - app.logger - ERROR - Reason: Error - 1 validation error for Expense
expense_date
  Field required [type=missing, input_value={'title': 'Burger', 'expe...', 'date': '2024-01-02'}, input_type=dict]
    For further information visit https://errors.pydantic.dev/2.12/v/missing
2026-03-08 13:02:41,740 - logger - INFO - Starting ingestion
2026-03-08 13:02:41,776 - logger - INFO - Ingestion Complete
2026-03-08 21:55:30,286 - logger - INFO - Starting ingestion
2026-03-08 21:55:30,382 - logger - ERROR - Skipping invalid row:{'id': '101', 'title': 'Lunch', 'expense_description': 'Office lunch', 'amount': '-200', 'category': 'Food', 'expense_date': '2024-02-04'}
2026-03-08 21:55:30,382 - logger - ERROR - Reason: Error - 1 validation error for Expense
amount
  Input should be greater than 0 [type=greater_than, input_value='-200', input_type=str]
    For further information visit https://errors.pydantic.dev/2.12/v/greater_than
2026-03-08 21:55:30,382 - logger - ERROR - Skipping invalid row:{'id': '102', 'title': 'Taxi Ride', 'expense_description': 'Office commute', 'amount': 'abc', 'category': 'Transport', 'expense_date': '2024-02-04'}
2026-03-08 21:55:30,382 - logger - ERROR - Reason: Error - 1 validation error for Expense
amount
  Input should be a valid number, unable to parse string as a number [type=float_parsing, input_value='abc', input_type=str]
    For further information visit https://errors.pydantic.dev/2.12/v/float_parsing
2026-03-08 21:55:30,382 - logger - ERROR - Skipping invalid row:{'id': '103', 'title': 'Movie Ticket', 'expense_description': 'Weekend movie', 'amount': '350', 'category': 'Entertainment', 'expense_date': '2024-02-04'}
2026-03-08 21:55:30,382 - logger - ERROR - Reason: Error - 1 validation error for Expense
category
  Input should be 'Food', 'Transport', 'Fun', 'Bills' or 'Other' [type=enum, input_value='Entertainment', input_type=str]
    For further information visit https://errors.pydantic.dev/2.12/v/enum
2026-03-08 21:55:30,382 - logger - ERROR - Skipping invalid row:{'id': '104', 'title': '', 'expense_description': 'Missing title', 'amount': '220', 'category': 'Food', 'expense_date': '2024-02-05'}
2026-03-08 21:55:30,382 - logger - ERROR - Reason: Error - 1 validation error for Expense
title
  String should have at least 1 character [type=string_too_short, input_value='', input_type=str]
    For further information visit https://errors.pydantic.dev/2.12/v/string_too_short
2026-03-08 21:55:30,382 - logger - ERROR - Skipping invalid row:{'id': '105', 'title': 'Groceries', 'expense_description': 'Vegetables purchase', 'amount': '450', 'category': '', 'expense_date': '2024-02-05'}
2026-03-08 21:55:30,382 - logger - ERROR - Reason: Error - 1 validation error for Expense
category
  Input should be 'Food', 'Transport', 'Fun', 'Bills' or 'Other' [type=enum, input_value='', input_type=str]
    For further information visit https://errors.pydantic.dev/2.12/v/enum
2026-03-08 21:55:30,383 - logger - ERROR - Skipping invalid row:{'id': '106', 'title': 'Coffee', 'expense_description': 'Coffee shop latte', 'amount': '150', 'category': 'Food', 'expense_date': '2024/02/05'}
2026-03-08 21:55:30,383 - logger - ERROR - Reason: Error - 1 validation error for Expense
expense_date
  Value error, Invalid date format [type=value_error, input_value='2024/02/05', input_type=str]
    For further information visit https://errors.pydantic.dev/2.12/v/value_error
2026-03-08 21:55:30,383 - logger - ERROR - Skipping invalid row:{'id': '107', 'title': 'Internet Bill', 'expense_description': 'Monthly wifi', 'amount': '999', 'category': 'Bills', 'expense_date': '2024-13-01'}
2026-03-08 21:55:30,383 - logger - ERROR - Reason: Error - 1 validation error for Expense
expense_date
  Value error, Invalid date format [type=value_error, input_value='2024-13-01', input_type=str]
    For further information visit https://errors.pydantic.dev/2.12/v/value_error
2026-03-08 21:55:30,383 - logger - ERROR - Skipping invalid row:{'id': '108', 'title': 'Petrol', 'expense_description': 'Fuel refill', 'amount': '1400', 'category': 'Transport', 'expense_date': '2024-02-30'}
2026-03-08 21:55:30,383 - logger - ERROR - Reason: Error - 1 validation error for Expense
expense_date
  Value error, Invalid date format [type=value_error, input_value='2024-02-30', input_type=str]
    For further information visit https://errors.pydantic.dev/2.12/v/value_error
2026-03-08 21:55:30,383 - logger - ERROR - Skipping invalid row:{'id': '109', 'title': 'Snacks', 'expense_description': 'Evening snacks', 'amount': '', 'category': 'Food', 'expense_date': '2024-02-06'}
2026-03-08 21:55:30,383 - logger - ERROR - Reason: Error - 1 validation error for Expense
amount
  Input should be a valid number, unable to parse string as a number [type=float_parsing, input_value='', input_type=str]
    For further information visit https://errors.pydantic.dev/2.12/v/float_parsing
2026-03-08 21:55:30,383 - logger - ERROR - Skipping invalid row:{'id': '110', 'title': 'Lunch', 'expense_description': 'Office lunch', 'amount': '200', 'category': 'Food', 'expense_date': ''}
2026-03-08 21:55:30,383 - logger - ERROR - Reason: Error - 1 validation error for Expense
expense_date
  Value error, Invalid date format [type=value_error, input_value='', input_type=str]
    For further information visit https://errors.pydantic.dev/2.12/v/value_error
2026-03-08 21:55:30,383 - logger - ERROR - Skipping invalid row:{'id': '111', 'title': 'Taxi Ride', 'expense_description': 'Office commute', 'amount': '250', 'category': 'Transport', 'expense_date': 'not-a-date'}
2026-03-08 21:55:30,383 - logger - ERROR - Reason: Error - 1 validation error for Expense
expense_date
  Value error, Invalid date format [type=value_error, input_value='not-a-date', input_type=str]
    For further information visit https://errors.pydantic.dev/2.12/v/value_error
2026-03-08 21:55:30,386 - logger - ERROR - Skipping invalid row:{'id': '114', 'title': 'Random Expense', 'expense_description': 'Something random', 'amount': '300', 'category': 'RandomCategory', 'expense_date': '2024-02-08'}
2026-03-08 21:55:30,386 - logger - ERROR - Reason: Error - 1 validation error for Expense
category
  Input should be 'Food', 'Transport', 'Fun', 'Bills' or 'Other' [type=enum, input_value='RandomCategory', input_type=str]
    For further information visit https://errors.pydantic.dev/2.12/v/enum
2026-03-08 21:55:30,386 - logger - ERROR - Skipping invalid row:{'id': '115', 'title': 'Extra Column', 'expense_description': 'Test expense', 'amount': '200', 'category': 'Food', 'expense_date': '2024-02-08', None: ['unexpected']}
2026-03-08 21:55:30,386 - logger - ERROR - Reason: Error - keywords must be strings
2026-03-08 21:55:30,412 - logger - INFO - Ingestion Complete
2026-03-08 21:55:30,412 - logger - INFO - no command recieved
2026-03-08 21:55:38,039 - logger - INFO - Running analytics
2026-03-08 21:55:38,039 - logger - INFO - Analytics complete
2026-03-08 21:55:38,039 - logger - INFO - no command recieved
2026-03-08 21:57:44,772 - logger - INFO - Running analytics
2026-03-08 21:57:44,802 - logger - INFO - Analytics complete
2026-03-08 21:57:44,802 - logger - INFO - no command recieved
2026-03-08 22:03:31,570 - logger - INFO - Running analytics
2026-03-08 22:03:31,607 - logger - INFO - Analytics complete
2026-03-08 22:03:31,607 - logger - INFO - no command recieved
2026-03-08 22:05:12,198 - logger - INFO - Running analytics
2026-03-08 22:05:12,240 - logger - INFO - Analytics complete
2026-03-08 22:07:30,116 - logger - INFO - Running analytics
2026-03-08 22:08:52,251 - logger - INFO - Running analytics
2026-03-08 22:08:52,284 - logger - INFO - Analytics complete
2026-03-08 22:09:16,306 - logger - INFO - Running analytics
2026-03-08 22:09:16,341 - logger - INFO - Analytics complete
2026-03-08 22:11:56,486 - logger - INFO - Running analytics
2026-03-08 22:11:56,515 - logger - INFO - Analytics complete
2026-03-08 22:12:14,055 - logger - INFO - Running analytics
2026-03-08 22:12:14,083 - logger - INFO - Analytics complete
2026-03-08 22:20:26,712 - logger - INFO - no command recieved
2026-03-08 22:21:06,572 - logger - INFO - no command recieved
2026-03-08 22:21:34,581 - logger - INFO - no command recieved
2026-03-08 17:42:14,225 - logger - INFO - no command recieved
2026-03-08 17:42:16,738 - logger - INFO - Running analytics
2026-03-08 17:42:16,738 - logger - INFO - Connecting to DB
2026-03-08 17:42:16,750 - logger - INFO - Reading SQL file
2026-03-08 17:42:16,750 - logger - INFO - Running query: SELECT SUM(amount) FROM expenses
2026-03-08 17:42:16,751 - logger - INFO - (Decimal('157659.00'),)
2026-03-08 17:42:16,751 - logger - INFO - Analytics complete
2026-03-08 17:49:33,368 - logger - INFO - no command recieved
2026-03-08 17:49:36,798 - logger - INFO - Running analytics
2026-03-08 17:49:36,798 - logger - INFO - Connecting to DB
2026-03-08 17:49:36,805 - logger - INFO - Reading SQL file
2026-03-08 17:49:36,805 - logger - INFO - Running query: SELECT SUM(amount) FROM expenses
2026-03-08 17:49:36,806 - logger - INFO - (Decimal('157659.00'),)
2026-03-08 17:49:36,806 - logger - INFO - Running query: SELECT category,SUM(amount) FROM expenses
GROUP BY category
2026-03-08 17:49:36,807 - logger - INFO - ('Bills', Decimal('43128.00'))
2026-03-08 17:49:36,807 - logger - INFO - ('Other', Decimal('1500.00'))
2026-03-08 17:49:36,807 - logger - INFO - ('Fun', Decimal('9141.00'))
2026-03-08 17:49:36,807 - logger - INFO - ('Transport', Decimal('48570.00'))
2026-03-08 17:49:36,807 - logger - INFO - ('Food', Decimal('55320.00'))
2026-03-08 17:49:36,807 - logger - INFO - Running query: SELECT DATE_TRUNC('month',expense_date) AS month_of_year,
SUM(amount)
FROM expenses
GROUP BY month_of_year
ORDER BY month_of_year
2026-03-08 17:49:36,808 - logger - INFO - (datetime.datetime(2024, 1, 1, 0, 0, tzinfo=datetime.timezone.utc), Decimal('142572.00'))
2026-03-08 17:49:36,808 - logger - INFO - (datetime.datetime(2024, 2, 1, 0, 0, tzinfo=datetime.timezone.utc), Decimal('15087.00'))
2026-03-08 17:49:36,808 - logger - INFO - Running query: SELECT *
FROM expenses
WHERE amount =(SELECT MAX(amount) FROM expenses)
2026-03-08 17:49:36,809 - logger - INFO - (88, 'Electricity Bill', 'Monthly bill', Decimal('2150.00'), 'Bills', datetime.date(2024, 1, 30))
2026-03-08 17:49:36,809 - logger - INFO - (190, 'Electricity Bill', 'Monthly bill', Decimal('2150.00'), 'Bills', datetime.date(2024, 1, 30))
2026-03-08 17:49:36,809 - logger - INFO - (292, 'Electricity Bill', 'Monthly bill', Decimal('2150.00'), 'Bills', datetime.date(2024, 1, 30))
2026-03-08 17:49:36,809 - logger - INFO - Analytics complete
2026-03-08 17:50:57,933 - logger - INFO - no command recieved
2026-03-08 17:51:02,706 - logger - INFO - Running analytics
2026-03-08 17:51:02,706 - logger - INFO - Connecting to DB
2026-03-08 17:51:02,718 - logger - INFO - Reading SQL file
2026-03-08 17:51:02,718 - logger - INFO - Running query: SELECT SUM(amount) FROM expenses
2026-03-08 17:51:02,719 - logger - INFO - (Decimal('157659.00'),)
2026-03-08 17:51:02,719 - logger - INFO - Running query: SELECT category,SUM(amount) FROM expenses
GROUP BY category
2026-03-08 17:51:02,720 - logger - INFO - ('Bills', Decimal('43128.00'))
2026-03-08 17:51:02,720 - logger - INFO - ('Other', Decimal('1500.00'))
2026-03-08 17:51:02,720 - logger - INFO - ('Fun', Decimal('9141.00'))
2026-03-08 17:51:02,720 - logger - INFO - ('Transport', Decimal('48570.00'))
2026-03-08 17:51:02,720 - logger - INFO - ('Food', Decimal('55320.00'))
2026-03-08 17:51:02,720 - logger - INFO - Running query: SELECT DATE_TRUNC('month',expense_date) AS month_of_year,
SUM(amount)
FROM expenses
GROUP BY month_of_year
ORDER BY month_of_year
2026-03-08 17:51:02,721 - logger - INFO - (datetime.datetime(2024, 1, 1, 0, 0, tzinfo=datetime.timezone.utc), Decimal('142572.00'))
2026-03-08 17:51:02,721 - logger - INFO - (datetime.datetime(2024, 2, 1, 0, 0, tzinfo=datetime.timezone.utc), Decimal('15087.00'))
2026-03-08 17:51:02,721 - logger - INFO - Running query: SELECT *
FROM expenses
WHERE amount =(SELECT MAX(amount) FROM expenses)
ORDER BY expense_date
2026-03-08 17:51:02,721 - logger - INFO - (88, 'Electricity Bill', 'Monthly bill', Decimal('2150.00'), 'Bills', datetime.date(2024, 1, 30))
2026-03-08 17:51:02,721 - logger - INFO - (190, 'Electricity Bill', 'Monthly bill', Decimal('2150.00'), 'Bills', datetime.date(2024, 1, 30))
2026-03-08 17:51:02,722 - logger - INFO - (292, 'Electricity Bill', 'Monthly bill', Decimal('2150.00'), 'Bills', datetime.date(2024, 1, 30))
2026-03-08 17:51:02,722 - logger - INFO - Analytics complete
2026-03-08 18:00:01,857 - logger - INFO - no command recieved
2026-03-08 18:01:10,265 - logger - INFO - Running analytics
2026-03-08 18:01:10,265 - logger - INFO - Connecting to DB
2026-03-08 18:01:10,270 - logger - INFO - Reading SQL file
2026-03-08 18:01:10,270 - logger - INFO - Running query: SELECT SUM(amount) FROM expenses
2026-03-08 18:01:10,271 - logger - INFO - (Decimal('157659.00'),)
2026-03-08 18:01:10,271 - logger - INFO - Running query: SELECT category,SUM(amount) FROM expenses
GROUP BY category
2026-03-08 18:01:10,272 - logger - INFO - ('Bills', Decimal('43128.00'))
2026-03-08 18:01:10,272 - logger - INFO - ('Other', Decimal('1500.00'))
2026-03-08 18:01:10,272 - logger - INFO - ('Fun', Decimal('9141.00'))
2026-03-08 18:01:10,272 - logger - INFO - ('Transport', Decimal('48570.00'))
2026-03-08 18:01:10,272 - logger - INFO - ('Food', Decimal('55320.00'))
2026-03-08 18:01:10,272 - logger - INFO - Running query: SELECT EXTRACT(month from expense_date) AS month_of_year,
SUM(amount)
FROM expenses
GROUP BY month_of_year
ORDER BY month_of_year
2026-03-08 18:01:10,273 - logger - INFO - (Decimal('1'), Decimal('142572.00'))
2026-03-08 18:01:10,273 - logger - INFO - (Decimal('2'), Decimal('15087.00'))
2026-03-08 18:01:10,273 - logger - INFO - Running query: SELECT *
FROM expenses
WHERE amount =(SELECT MAX(amount) FROM expenses)
ORDER BY expense_date
2026-03-08 18:01:10,273 - logger - INFO - (88, 'Electricity Bill', 'Monthly bill', Decimal('2150.00'), 'Bills', datetime.date(2024, 1, 30))
2026-03-08 18:01:10,273 - logger - INFO - (190, 'Electricity Bill', 'Monthly bill', Decimal('2150.00'), 'Bills', datetime.date(2024, 1, 30))
2026-03-08 18:01:10,274 - logger - INFO - (292, 'Electricity Bill', 'Monthly bill', Decimal('2150.00'), 'Bills', datetime.date(2024, 1, 30))
2026-03-08 18:01:10,274 - logger - INFO - Analytics complete
2026-03-08 18:03:19,572 - logger - INFO - no command recieved
2026-03-08 18:03:22,599 - logger - INFO - Running analytics
2026-03-08 18:03:22,599 - logger - INFO - Connecting to DB
2026-03-08 18:03:22,607 - logger - INFO - Reading SQL file
2026-03-08 18:03:22,607 - logger - INFO - Running query: SELECT SUM(amount) FROM expenses
2026-03-08 18:03:22,608 - logger - INFO - (Decimal('157659.00'),)
2026-03-08 18:03:22,608 - logger - INFO - Running query: SELECT category,SUM(amount) FROM expenses
GROUP BY category
2026-03-08 18:03:22,609 - logger - INFO - ('Bills', Decimal('43128.00'))
2026-03-08 18:03:22,609 - logger - INFO - ('Other', Decimal('1500.00'))
2026-03-08 18:03:22,609 - logger - INFO - ('Fun', Decimal('9141.00'))
2026-03-08 18:03:22,609 - logger - INFO - ('Transport', Decimal('48570.00'))
2026-03-08 18:03:22,610 - logger - INFO - ('Food', Decimal('55320.00'))
2026-03-08 18:03:22,610 - logger - INFO - Running query: SELECT EXTRACT(month from expense_date) AS month_of_year,
SUM(amount)
FROM expenses
GROUP BY month_of_year
ORDER BY month_of_year
2026-03-08 18:03:22,610 - logger - INFO - (Decimal('1'), Decimal('142572.00'))
2026-03-08 18:03:22,610 - logger - INFO - (Decimal('2'), Decimal('15087.00'))
2026-03-08 18:03:22,610 - logger - INFO - Running query: SELECT MONTHNAME(expense_date) AS month_name,
SUM(amount)
FROM expenses
GROUP BY month_name
ORDER BY month_name
2026-03-08 18:03:22,611 - logger - ERROR - Could not execute the query:SELECT MONTHNAME(expense_date) AS month_name,
SUM(amount)
FROM expenses
GROUP BY month_name
ORDER BY month_name
2026-03-08 18:03:22,611 - logger - ERROR - Reason: Error - function monthname(date) does not exist
LINE 1: SELECT MONTHNAME(expense_date) AS month_name,
               ^
HINT:  No function matches the given name and argument types. You might need to add explicit type casts.

2026-03-08 18:03:22,611 - logger - INFO - Running query: SELECT *
FROM expenses
WHERE amount =(SELECT MAX(amount) FROM expenses)
ORDER BY expense_date
2026-03-08 18:03:22,611 - logger - ERROR - Could not execute the query:SELECT *
FROM expenses
WHERE amount =(SELECT MAX(amount) FROM expenses)
ORDER BY expense_date
2026-03-08 18:03:22,611 - logger - ERROR - Reason: Error - current transaction is aborted, commands ignored until end of transaction block

2026-03-08 18:03:22,611 - logger - INFO - Analytics complete
2026-03-08 18:05:00,962 - logger - INFO - no command recieved
2026-03-08 18:05:02,861 - logger - INFO - Running analytics
2026-03-08 18:05:02,861 - logger - INFO - Connecting to DB
2026-03-08 18:05:02,867 - logger - INFO - Reading SQL file
2026-03-08 18:05:02,867 - logger - INFO - Running query: SELECT SUM(amount) FROM expenses
2026-03-08 18:05:02,869 - logger - INFO - (Decimal('157659.00'),)
2026-03-08 18:05:02,869 - logger - INFO - Running query: SELECT category,SUM(amount) FROM expenses
GROUP BY category
2026-03-08 18:05:02,869 - logger - INFO - ('Bills', Decimal('43128.00'))
2026-03-08 18:05:02,869 - logger - INFO - ('Other', Decimal('1500.00'))
2026-03-08 18:05:02,869 - logger - INFO - ('Fun', Decimal('9141.00'))
2026-03-08 18:05:02,870 - logger - INFO - ('Transport', Decimal('48570.00'))
2026-03-08 18:05:02,870 - logger - INFO - ('Food', Decimal('55320.00'))
2026-03-08 18:05:02,870 - logger - INFO - Running query: SELECT EXTRACT(month from expense_date) AS month_of_year,
SUM(amount)
FROM expenses
GROUP BY month_of_year
ORDER BY month_of_year
2026-03-08 18:05:02,870 - logger - INFO - (Decimal('1'), Decimal('142572.00'))
2026-03-08 18:05:02,870 - logger - INFO - (Decimal('2'), Decimal('15087.00'))
2026-03-08 18:05:02,870 - logger - INFO - Running query: SELECT *
FROM expenses
WHERE amount =(SELECT MAX(amount) FROM expenses)
ORDER BY expense_date
2026-03-08 18:05:02,871 - logger - INFO - (88, 'Electricity Bill', 'Monthly bill', Decimal('2150.00'), 'Bills', datetime.date(2024, 1, 30))
2026-03-08 18:05:02,871 - logger - INFO - (190, 'Electricity Bill', 'Monthly bill', Decimal('2150.00'), 'Bills', datetime.date(2024, 1, 30))
2026-03-08 18:05:02,871 - logger - INFO - (292, 'Electricity Bill', 'Monthly bill', Decimal('2150.00'), 'Bills', datetime.date(2024, 1, 30))
2026-03-08 18:05:02,871 - logger - INFO - Analytics complete
2026-03-09 10:53:38,578 - logger - INFO - Running analytics
2026-03-09 10:53:38,579 - logger - INFO - Connecting to DB
2026-03-09 10:53:38,588 - logger - INFO - Reading SQL file
2026-03-09 10:53:38,588 - logger - INFO - Running query: SELECT SUM(amount) FROM expenses
2026-03-09 10:53:38,589 - logger - INFO - (Decimal('157659.00'),)
2026-03-09 10:53:38,589 - logger - INFO - Running query: SELECT category,SUM(amount) FROM expenses
GROUP BY category
2026-03-09 10:53:38,590 - logger - INFO - ('Bills', Decimal('43128.00'))
2026-03-09 10:53:38,590 - logger - INFO - ('Other', Decimal('1500.00'))
2026-03-09 10:53:38,590 - logger - INFO - ('Fun', Decimal('9141.00'))
2026-03-09 10:53:38,590 - logger - INFO - ('Transport', Decimal('48570.00'))
2026-03-09 10:53:38,590 - logger - INFO - ('Food', Decimal('55320.00'))
2026-03-09 10:53:38,590 - logger - INFO - Running query: SELECT EXTRACT(month from expense_date) AS month_of_year,
SUM(amount)
FROM expenses
GROUP BY month_of_year
ORDER BY month_of_year
2026-03-09 10:53:38,591 - logger - INFO - (Decimal('1'), Decimal('142572.00'))
2026-03-09 10:53:38,591 - logger - INFO - (Decimal('2'), Decimal('15087.00'))
2026-03-09 10:53:38,591 - logger - INFO - Running query: SELECT *
FROM expenses
WHERE amount =(SELECT MAX(amount) FROM expenses)
ORDER BY expense_date
2026-03-09 10:53:38,591 - logger - INFO - (88, 'Electricity Bill', 'Monthly bill', Decimal('2150.00'), 'Bills', datetime.date(2024, 1, 30))
2026-03-09 10:53:38,591 - logger - INFO - (190, 'Electricity Bill', 'Monthly bill', Decimal('2150.00'), 'Bills', datetime.date(2024, 1, 30))
2026-03-09 10:53:38,592 - logger - INFO - (292, 'Electricity Bill', 'Monthly bill', Decimal('2150.00'), 'Bills', datetime.date(2024, 1, 30))
2026-03-09 10:53:38,592 - logger - INFO - Analytics complete
2026-03-09 10:53:50,889 - logger - INFO - Invalid CLI command
2026-03-09 16:29:08,357 - logger - INFO - no command recieved
2026-03-09 16:38:06,004 - logger - INFO - Starting CSV Ingestion
2026-03-09 16:38:06,004 - logger - INFO - Connecting to DB
2026-03-09 16:38:06,017 - logger - INFO - DB connection error:could not translate host name "db" to address: nodename nor servname provided, or not known

2026-03-09 16:38:06,017 - logger - INFO - Retrying connection- Attempt number: 1
2026-03-09 16:38:11,026 - logger - INFO - DB connection error:could not translate host name "db" to address: nodename nor servname provided, or not known

2026-03-09 16:38:11,026 - logger - INFO - Retrying connection- Attempt number: 2
2026-03-09 16:38:16,032 - logger - INFO - DB connection error:could not translate host name "db" to address: nodename nor servname provided, or not known

2026-03-09 16:38:16,032 - logger - INFO - Retrying connection- Attempt number: 3
2026-03-09 16:38:39,926 - logger - INFO - Starting CSV Ingestion
2026-03-09 16:38:39,927 - logger - INFO - Connecting to DB
2026-03-09 16:38:39,929 - logger - INFO - DB connection error:could not translate host name "db" to address: nodename nor servname provided, or not known

2026-03-09 16:38:39,929 - logger - INFO - Retrying connection- Attempt number: 1
2026-03-09 16:38:44,939 - logger - INFO - DB connection error:could not translate host name "db" to address: nodename nor servname provided, or not known

2026-03-09 16:38:44,940 - logger - INFO - Retrying connection- Attempt number: 2
2026-03-09 16:38:49,948 - logger - INFO - DB connection error:could not translate host name "db" to address: nodename nor servname provided, or not known

2026-03-09 16:38:49,948 - logger - INFO - Retrying connection- Attempt number: 3
2026-03-09 16:40:13,551 - logger - INFO - Starting CSV Ingestion
2026-03-09 16:40:13,551 - logger - INFO - Connecting to DB
2026-03-09 16:40:13,554 - logger - INFO - DB connection error:could not translate host name "db" to address: nodename nor servname provided, or not known

2026-03-09 16:40:13,554 - logger - INFO - Retrying connection- Attempt number: 1
2026-03-09 16:40:18,564 - logger - INFO - DB connection error:could not translate host name "db" to address: nodename nor servname provided, or not known

2026-03-09 16:40:18,564 - logger - INFO - Retrying connection- Attempt number: 2
2026-03-09 16:40:23,574 - logger - INFO - DB connection error:could not translate host name "db" to address: nodename nor servname provided, or not known

2026-03-09 16:40:23,574 - logger - INFO - Retrying connection- Attempt number: 3
2026-03-09 16:41:00,729 - logger - INFO - Starting CSV Ingestion
2026-03-09 16:41:00,729 - logger - INFO - Connecting to DB
2026-03-09 16:41:00,835 - logger - ERROR - Skipping invalid row:{'id': '101', 'title': 'Lunch', 'expense_description': 'Office lunch', 'amount': '-200', 'category': 'Food', 'expense_date': '2024-02-04'}
2026-03-09 16:41:00,835 - logger - ERROR - Reason: Error - 1 validation error for Expense
amount
  Input should be greater than 0 [type=greater_than, input_value='-200', input_type=str]
    For further information visit https://errors.pydantic.dev/2.12/v/greater_than
2026-03-09 16:41:00,835 - logger - ERROR - Skipping invalid row:{'id': '102', 'title': 'Taxi Ride', 'expense_description': 'Office commute', 'amount': 'abc', 'category': 'Transport', 'expense_date': '2024-02-04'}
2026-03-09 16:41:00,835 - logger - ERROR - Reason: Error - 1 validation error for Expense
amount
  Input should be a valid number, unable to parse string as a number [type=float_parsing, input_value='abc', input_type=str]
    For further information visit https://errors.pydantic.dev/2.12/v/float_parsing
2026-03-09 16:41:00,835 - logger - ERROR - Skipping invalid row:{'id': '103', 'title': 'Movie Ticket', 'expense_description': 'Weekend movie', 'amount': '350', 'category': 'Entertainment', 'expense_date': '2024-02-04'}
2026-03-09 16:41:00,835 - logger - ERROR - Reason: Error - 1 validation error for Expense
category
  Input should be 'Food', 'Transport', 'Fun', 'Bills' or 'Other' [type=enum, input_value='Entertainment', input_type=str]
    For further information visit https://errors.pydantic.dev/2.12/v/enum
2026-03-09 16:41:00,835 - logger - ERROR - Skipping invalid row:{'id': '104', 'title': '', 'expense_description': 'Missing title', 'amount': '220', 'category': 'Food', 'expense_date': '2024-02-05'}
2026-03-09 16:41:00,835 - logger - ERROR - Reason: Error - 1 validation error for Expense
title
  String should have at least 1 character [type=string_too_short, input_value='', input_type=str]
    For further information visit https://errors.pydantic.dev/2.12/v/string_too_short
2026-03-09 16:41:00,835 - logger - ERROR - Skipping invalid row:{'id': '105', 'title': 'Groceries', 'expense_description': 'Vegetables purchase', 'amount': '450', 'category': '', 'expense_date': '2024-02-05'}
2026-03-09 16:41:00,835 - logger - ERROR - Reason: Error - 1 validation error for Expense
category
  Input should be 'Food', 'Transport', 'Fun', 'Bills' or 'Other' [type=enum, input_value='', input_type=str]
    For further information visit https://errors.pydantic.dev/2.12/v/enum
2026-03-09 16:41:00,835 - logger - ERROR - Skipping invalid row:{'id': '106', 'title': 'Coffee', 'expense_description': 'Coffee shop latte', 'amount': '150', 'category': 'Food', 'expense_date': '2024/02/05'}
2026-03-09 16:41:00,835 - logger - ERROR - Reason: Error - 1 validation error for Expense
expense_date
  Value error, Invalid date format [type=value_error, input_value='2024/02/05', input_type=str]
    For further information visit https://errors.pydantic.dev/2.12/v/value_error
2026-03-09 16:41:00,835 - logger - ERROR - Skipping invalid row:{'id': '107', 'title': 'Internet Bill', 'expense_description': 'Monthly wifi', 'amount': '999', 'category': 'Bills', 'expense_date': '2024-13-01'}
2026-03-09 16:41:00,836 - logger - ERROR - Reason: Error - 1 validation error for Expense
expense_date
  Value error, Invalid date format [type=value_error, input_value='2024-13-01', input_type=str]
    For further information visit https://errors.pydantic.dev/2.12/v/value_error
2026-03-09 16:41:00,836 - logger - ERROR - Skipping invalid row:{'id': '108', 'title': 'Petrol', 'expense_description': 'Fuel refill', 'amount': '1400', 'category': 'Transport', 'expense_date': '2024-02-30'}
2026-03-09 16:41:00,836 - logger - ERROR - Reason: Error - 1 validation error for Expense
expense_date
  Value error, Invalid date format [type=value_error, input_value='2024-02-30', input_type=str]
    For further information visit https://errors.pydantic.dev/2.12/v/value_error
2026-03-09 16:41:00,836 - logger - ERROR - Skipping invalid row:{'id': '109', 'title': 'Snacks', 'expense_description': 'Evening snacks', 'amount': '', 'category': 'Food', 'expense_date': '2024-02-06'}
2026-03-09 16:41:00,836 - logger - ERROR - Reason: Error - 1 validation error for Expense
amount
  Input should be a valid number, unable to parse string as a number [type=float_parsing, input_value='', input_type=str]
    For further information visit https://errors.pydantic.dev/2.12/v/float_parsing
2026-03-09 16:41:00,836 - logger - ERROR - Skipping invalid row:{'id': '110', 'title': 'Lunch', 'expense_description': 'Office lunch', 'amount': '200', 'category': 'Food', 'expense_date': ''}
2026-03-09 16:41:00,836 - logger - ERROR - Reason: Error - 1 validation error for Expense
expense_date
  Value error, Invalid date format [type=value_error, input_value='', input_type=str]
    For further information visit https://errors.pydantic.dev/2.12/v/value_error
2026-03-09 16:41:00,836 - logger - ERROR - Skipping invalid row:{'id': '111', 'title': 'Taxi Ride', 'expense_description': 'Office commute', 'amount': '250', 'category': 'Transport', 'expense_date': 'not-a-date'}
2026-03-09 16:41:00,836 - logger - ERROR - Reason: Error - 1 validation error for Expense
expense_date
  Value error, Invalid date format [type=value_error, input_value='not-a-date', input_type=str]
    For further information visit https://errors.pydantic.dev/2.12/v/value_error
2026-03-09 16:41:00,840 - logger - ERROR - Skipping invalid row:{'id': '114', 'title': 'Random Expense', 'expense_description': 'Something random', 'amount': '300', 'category': 'RandomCategory', 'expense_date': '2024-02-08'}
2026-03-09 16:41:00,840 - logger - ERROR - Reason: Error - 1 validation error for Expense
category
  Input should be 'Food', 'Transport', 'Fun', 'Bills' or 'Other' [type=enum, input_value='RandomCategory', input_type=str]
    For further information visit https://errors.pydantic.dev/2.12/v/enum
2026-03-09 16:41:00,840 - logger - ERROR - Skipping invalid row:{'id': '115', 'title': 'Extra Column', 'expense_description': 'Test expense', 'amount': '200', 'category': 'Food', 'expense_date': '2024-02-08', None: ['unexpected']}
2026-03-09 16:41:00,840 - logger - ERROR - Reason: Error - keywords must be strings
2026-03-09 16:41:00,865 - logger - INFO - Expense inserted successfully:title='Game Purchase' expense_description='Online game purchase' amount=499.0 category=<Category.FUN: 'Fun'> expense_date=datetime.date(2024, 2, 3)
2026-03-09 16:41:00,866 - logger - INFO - Ingestion Complete
